<?xml version="1.0" encoding="UTF-8"?>
<!-- Generated by org.testng.reporters.JUnitReportReporter -->
<testsuite skipped="0" hostname="DESKTOP-RHNDBHD" name="com.facebook.testcases.login" tests="1" failures="0" timestamp="2019-08-28T09:02:09 IST" time="118.773" errors="0">
  <testcase name="takeinput" time="118.773" classname="com.facebook.testcases.login"/>
</testsuite> <!-- com.facebook.testcases.login -->
