<?xml version="1.0" encoding="UTF-8"?>
<!-- Generated by org.testng.reporters.JUnitReportReporter -->
<testsuite skipped="0" hostname="DESKTOP-RHNDBHD" name="com.facebook.utils.SuperFB" tests="1" failures="0" timestamp="2019-08-26T01:33:32 IST" time="8.142" errors="0">
  <testcase name="launchchrome" time="8.142" classname="com.facebook.utils.SuperFB"/>
</testsuite> <!-- com.facebook.utils.SuperFB -->
